#
# There is insufficient memory for the Java Runtime Environment to continue.
# Native memory allocation (malloc) failed to allocate 62416 bytes. Error detail: Chunk::new
# Possible reasons:
#   The system is out of physical RAM or swap space
#   This process is running with CompressedOops enabled, and the Java Heap may be blocking the growth of the native heap
# Possible solutions:
#   Reduce memory load on the system
#   Increase physical memory or swap space
#   Check if swap backing store is full
#   Decrease Java heap size (-Xmx/-Xms)
#   Decrease number of Java threads
#   Decrease Java thread stack sizes (-Xss)
#   Set larger code cache with -XX:ReservedCodeCacheSize=
#   JVM is running with Unscaled Compressed Oops mode in which the Java heap is
#     placed in the first 4GB address space. The Java Heap base address is the
#     maximum limit for the native heap growth. Please use -XX:HeapBaseMinAddress
#     to set the Java Heap base and to place the Java Heap above 4GB virtual address.
# This output file may be truncated or incomplete.
#
#  Out of Memory Error (arena.cpp:168), pid=10392, tid=12064
#
# JRE version: OpenJDK Runtime Environment Temurin-21.0.7+6 (21.0.7+6) (build 21.0.7+6-LTS)
# Java VM: OpenJDK 64-Bit Server VM Temurin-21.0.7+6 (21.0.7+6-LTS, mixed mode, sharing, tiered, compressed oops, compressed class ptrs, parallel gc, windows-amd64)
# No core dump will be written. Minidumps are not enabled by default on client versions of Windows
#

---------------  S U M M A R Y ------------

Command Line: --add-modules=ALL-SYSTEM --add-opens=java.base/java.util=ALL-UNNAMED --add-opens=java.base/java.lang=ALL-UNNAMED --add-opens=java.base/sun.nio.fs=ALL-UNNAMED -Declipse.application=org.eclipse.jdt.ls.core.id1 -Dosgi.bundles.defaultStartLevel=4 -Declipse.product=org.eclipse.jdt.ls.core.product -Djava.import.generatesMetadataFilesAtProjectRoot=false -DDetectVMInstallationsJob.disabled=true -Dfile.encoding=utf8 -XX:+UseParallelGC -XX:GCTimeRatio=4 -XX:AdaptiveSizePolicyWeight=90 -Dsun.zip.disableMemoryMapping=true -Xmx2G -Xms100m -Xlog:disable -javaagent:c:\Users\Aluno\.vscode\extensions\redhat.java-1.43.1-win32-x64\lombok\lombok-1.18.39-4050.jar c:\Users\Aluno\.vscode\extensions\redhat.java-1.43.1-win32-x64\server\plugins\org.eclipse.equinox.launcher_1.7.0.v20250519-0528.jar -configuration c:\Users\Aluno\AppData\Roaming\Code\User\globalStorage\redhat.java\1.43.1\config_ss_win -data c:\Users\Aluno\AppData\Roaming\Code\User\workspaceStorage\9774d0f6317684aaf28950c185c41942\redhat.java\ss_ws --pipe=\\.\pipe\lsp-768e2dcfa3932320ac012722aae082a5-sock

Host: Intel(R) Core(TM) i3-10100T CPU @ 3.00GHz, 8 cores, 7G,  Windows 11 , 64 bit Build 26100 (10.0.26100.4484)
Time: Thu Jul 24 15:01:34 2025 Hora oficial do Brasil elapsed time: 13.212562 seconds (0d 0h 0m 13s)

---------------  T H R E A D  ---------------

Current thread (0x000002976bbaab20):  JavaThread "C2 CompilerThread0" daemon [_thread_in_native, id=12064, stack(0x000000a01fd00000,0x000000a01fe00000) (1024K)]


Current CompileTask:
C2:13212 1917       4       java.lang.StringLatin1::toLowerCase (186 bytes)

Stack: [0x000000a01fd00000,0x000000a01fe00000]
Native frames: (J=compiled Java code, j=interpreted, Vv=VM code, C=native code)
V  [jvm.dll+0x6ce119]
V  [jvm.dll+0x8a84a1]
V  [jvm.dll+0x8aa9ce]
V  [jvm.dll+0x8ab0b3]
V  [jvm.dll+0x27f8a6]
V  [jvm.dll+0xc507d]
V  [jvm.dll+0xc55b3]
V  [jvm.dll+0x2f2c6d]
V  [jvm.dll+0x5f6bca]
V  [jvm.dll+0x250cb2]
V  [jvm.dll+0x24918e]
V  [jvm.dll+0x246fc4]
V  [jvm.dll+0x1c760e]
V  [jvm.dll+0x25695a]
V  [jvm.dll+0x254efa]
V  [jvm.dll+0x3f03f6]
V  [jvm.dll+0x851f6b]
V  [jvm.dll+0x6cc7dd]
C  [ucrtbase.dll+0x37b0]
C  [KERNEL32.DLL+0x2e8d7]
C  [ntdll.dll+0x3c34c]


---------------  P R O C E S S  ---------------

Threads class SMR info:
_java_thread_list=0x00000297727dcdf0, length=16, elements={
0x000002975513def0, 0x000002976bb9f5b0, 0x000002976bba1b80, 0x000002976bba5cf0,
0x000002976bba8850, 0x000002976bba92a0, 0x000002976bba9cf0, 0x000002976bbaab20,
0x000002976bbc5af0, 0x00000297551a9630, 0x000002976d74ab20, 0x00000297721ed680,
0x0000029772ad6d60, 0x00000297727949f0, 0x0000029772299b20, 0x000002976d5998b0
}

Java Threads: ( => current thread )
  0x000002975513def0 JavaThread "main"                              [_thread_blocked, id=7520, stack(0x000000a01f300000,0x000000a01f400000) (1024K)]
  0x000002976bb9f5b0 JavaThread "Reference Handler"          daemon [_thread_blocked, id=9344, stack(0x000000a01f700000,0x000000a01f800000) (1024K)]
  0x000002976bba1b80 JavaThread "Finalizer"                  daemon [_thread_blocked, id=7860, stack(0x000000a01f800000,0x000000a01f900000) (1024K)]
  0x000002976bba5cf0 JavaThread "Signal Dispatcher"          daemon [_thread_blocked, id=7692, stack(0x000000a01f900000,0x000000a01fa00000) (1024K)]
  0x000002976bba8850 JavaThread "Attach Listener"            daemon [_thread_blocked, id=2724, stack(0x000000a01fa00000,0x000000a01fb00000) (1024K)]
  0x000002976bba92a0 JavaThread "Service Thread"             daemon [_thread_blocked, id=12460, stack(0x000000a01fb00000,0x000000a01fc00000) (1024K)]
  0x000002976bba9cf0 JavaThread "Monitor Deflation Thread"   daemon [_thread_blocked, id=12152, stack(0x000000a01fc00000,0x000000a01fd00000) (1024K)]
=>0x000002976bbaab20 JavaThread "C2 CompilerThread0"         daemon [_thread_in_native, id=12064, stack(0x000000a01fd00000,0x000000a01fe00000) (1024K)]
  0x000002976bbc5af0 JavaThread "C1 CompilerThread0"         daemon [_thread_blocked, id=6160, stack(0x000000a01fe00000,0x000000a01ff00000) (1024K)]
  0x00000297551a9630 JavaThread "Common-Cleaner"             daemon [_thread_blocked, id=9996, stack(0x000000a01ff00000,0x000000a020000000) (1024K)]
  0x000002976d74ab20 JavaThread "Notification Thread"        daemon [_thread_blocked, id=6188, stack(0x000000a020000000,0x000000a020100000) (1024K)]
  0x00000297721ed680 JavaThread "Active Thread: Equinox Container: 43c75b39-581c-4006-9955-b271328f4fdd"        [_thread_blocked, id=13656, stack(0x000000a020800000,0x000000a020900000) (1024K)]
  0x0000029772ad6d60 JavaThread "Framework Event Dispatcher: Equinox Container: 43c75b39-581c-4006-9955-b271328f4fdd" daemon [_thread_blocked, id=13696, stack(0x000000a020100000,0x000000a020200000) (1024K)]
  0x00000297727949f0 JavaThread "Start Level: Equinox Container: 43c75b39-581c-4006-9955-b271328f4fdd" daemon [_thread_in_native, id=10228, stack(0x000000a020900000,0x000000a020a00000) (1024K)]
  0x0000029772299b20 JavaThread "SCR Component Actor"        daemon [_thread_blocked, id=13960, stack(0x000000a020b00000,0x000000a020c00000) (1024K)]
  0x000002976d5998b0 JavaThread "SCR Component Registry"     daemon [_thread_blocked, id=14252, stack(0x000000a020c00000,0x000000a020d00000) (1024K)]
Total: 16

Other Threads:
  0x00000297551fe290 VMThread "VM Thread"                           [id=12620, stack(0x000000a01f600000,0x000000a01f700000) (1024K)]
  0x000002976babca00 WatcherThread "VM Periodic Task Thread"        [id=9332, stack(0x000000a01f500000,0x000000a01f600000) (1024K)]
  0x000002975515b870 WorkerThread "GC Thread#0"                     [id=3612, stack(0x000000a01f400000,0x000000a01f500000) (1024K)]
  0x00000297728f5ac0 WorkerThread "GC Thread#1"                     [id=13516, stack(0x000000a020200000,0x000000a020300000) (1024K)]
  0x00000297725ab650 WorkerThread "GC Thread#2"                     [id=13524, stack(0x000000a020300000,0x000000a020400000) (1024K)]
  0x00000297724ab460 WorkerThread "GC Thread#3"                     [id=13528, stack(0x000000a020400000,0x000000a020500000) (1024K)]
  0x00000297724c1f30 WorkerThread "GC Thread#4"                     [id=13532, stack(0x000000a020500000,0x000000a020600000) (1024K)]
  0x00000297724c22d0 WorkerThread "GC Thread#5"                     [id=13536, stack(0x000000a020600000,0x000000a020700000) (1024K)]
  0x00000297724c2670 WorkerThread "GC Thread#6"                     [id=13540, stack(0x000000a020700000,0x000000a020800000) (1024K)]
  0x000002976d5cdf80 WorkerThread "GC Thread#7"                     [id=13348, stack(0x000000a020a00000,0x000000a020b00000) (1024K)]
Total: 10

Threads with active compile tasks:
C2 CompilerThread0  13241 1917       4       java.lang.StringLatin1::toLowerCase (186 bytes)
Total: 1

VM state: not at safepoint (normal execution)

VM Mutex/Monitor currently owned by a thread: None

Heap address: 0x0000000080000000, size: 2048 MB, Compressed Oops mode: 32-bit

CDS archive(s) mapped at: [0x0000029700000000-0x0000029700ba0000-0x0000029700ba0000), size 12189696, SharedBaseAddress: 0x0000029700000000, ArchiveRelocationMode: 1.
Compressed class space mapped at: 0x0000029701000000-0x0000029741000000, reserved size: 1073741824
Narrow klass base: 0x0000029700000000, Narrow klass shift: 0, Narrow klass range: 0x100000000

GC Precious Log:
 CardTable entry size: 512
 CPUs: 8 total, 8 available
 Memory: 7582M
 Large Page Support: Disabled
 NUMA Support: Disabled
 Compressed Oops: Enabled (32-bit)
 Alignments: Space 512K, Generation 512K, Heap 2M
 Heap Min Capacity: 100M
 Heap Initial Capacity: 100M
 Heap Max Capacity: 2G
 Pre-touch: Disabled
 Parallel Workers: 8

Heap:
 PSYoungGen      total 29696K, used 16159K [0x00000000d5580000, 0x00000000d7680000, 0x0000000100000000)
  eden space 25600K, 47% used [0x00000000d5580000,0x00000000d614cfc8,0x00000000d6e80000)
  from space 4096K, 99% used [0x00000000d7280000,0x00000000d767adc0,0x00000000d7680000)
  to   space 4096K, 0% used [0x00000000d6e80000,0x00000000d6e80000,0x00000000d7280000)
 ParOldGen       total 68608K, used 893K [0x0000000080000000, 0x0000000084300000, 0x00000000d5580000)
  object space 68608K, 1% used [0x0000000080000000,0x00000000800df6a8,0x0000000084300000)
 Metaspace       used 10534K, committed 10880K, reserved 1114112K
  class space    used 1102K, committed 1280K, reserved 1048576K

Card table byte_map: [0x0000029754ae0000,0x0000029754ef0000] _byte_map_base: 0x00000297546e0000

Marking Bits: (ParMarkBitMap*) 0x00007ff9122931f0
 Begin Bits: [0x00000297675e0000, 0x00000297695e0000)
 End Bits:   [0x00000297695e0000, 0x000002976b5e0000)

Polling page: 0x00000297531e0000

Metaspace:

Usage:
  Non-class:      9.21 MB used.
      Class:      1.08 MB used.
       Both:     10.29 MB used.

Virtual space:
  Non-class space:       64.00 MB reserved,       9.38 MB ( 15%) committed,  1 nodes.
      Class space:        1.00 GB reserved,       1.25 MB ( <1%) committed,  1 nodes.
             Both:        1.06 GB reserved,      10.62 MB ( <1%) committed. 

Chunk freelists:
   Non-Class:  6.19 MB
       Class:  14.73 MB
        Both:  20.91 MB

MaxMetaspaceSize: unlimited
CompressedClassSpaceSize: 1.00 GB
Initial GC threshold: 21.00 MB
Current GC threshold: 21.00 MB
CDS: on
 - commit_granule_bytes: 65536.
 - commit_granule_words: 8192.
 - virtual_space_node_default_size: 8388608.
 - enlarge_chunks_in_place: 1.
 - use_allocation_guard: 0.


Internal statistics:

num_allocs_failed_limit: 0.
num_arena_births: 248.
num_arena_deaths: 0.
num_vsnodes_births: 2.
num_vsnodes_deaths: 0.
num_space_committed: 170.
num_space_uncommitted: 0.
num_chunks_returned_to_freelist: 0.
num_chunks_taken_from_freelist: 531.
num_chunk_merges: 0.
num_chunk_splits: 346.
num_chunks_enlarged: 239.
num_inconsistent_stats: 0.

CodeHeap 'non-profiled nmethods': size=120000Kb used=831Kb max_used=831Kb free=119168Kb
 bounds [0x000002975fe00000, 0x0000029760070000, 0x0000029767330000]
CodeHeap 'profiled nmethods': size=120000Kb used=3480Kb max_used=3480Kb free=116519Kb
 bounds [0x0000029758330000, 0x00000297586a0000, 0x000002975f860000]
CodeHeap 'non-nmethods': size=5760Kb used=1223Kb max_used=1247Kb free=4536Kb
 bounds [0x000002975f860000, 0x000002975fad0000, 0x000002975fe00000]
 total_blobs=2407 nmethods=1917 adapters=397
 compilation: enabled
              stopped_count=0, restarted_count=0
 full_count=0

Compilation events (20 events):
Event: 13.156 Thread 0x000002976bbc5af0 1908       3       org.eclipse.osgi.internal.container.KeyBasedLockStore::poll (32 bytes)
Event: 13.156 Thread 0x000002976bbc5af0 nmethod 1908 0x0000029758690e10 code [0x0000029758691020, 0x00000297586915f8]
Event: 13.156 Thread 0x000002976bbc5af0 1909       3       org.eclipse.osgi.storage.bundlefile.MRUBundleFileList::incUseStamp (57 bytes)
Event: 13.157 Thread 0x000002976bbc5af0 nmethod 1909 0x0000029758691810 code [0x00000297586919c0, 0x0000029758691c48]
Event: 13.157 Thread 0x000002976bbc5af0 1910       3       org.eclipse.osgi.storage.bundlefile.CloseableBundleFile::releaseOpen (8 bytes)
Event: 13.157 Thread 0x000002976bbc5af0 nmethod 1910 0x0000029758691d90 code [0x0000029758691f60, 0x0000029758692320]
Event: 13.159 Thread 0x000002976bbc5af0 1911   !   3       org.eclipse.osgi.storage.bundlefile.MRUBundleFileList::use (55 bytes)
Event: 13.160 Thread 0x000002976bbc5af0 nmethod 1911 0x0000029758692490 code [0x0000029758692660, 0x0000029758692a50]
Event: 13.160 Thread 0x000002976bbc5af0 1912       3       org.eclipse.osgi.internal.hookregistry.ClassLoaderHook::recordClassDefine (1 bytes)
Event: 13.160 Thread 0x000002976bbc5af0 nmethod 1912 0x0000029758692c10 code [0x0000029758692da0, 0x0000029758692ea8]
Event: 13.180 Thread 0x000002976bbc5af0 1913       3       java.util.concurrent.locks.ReentrantReadWriteLock$Sync::tryReleaseShared (146 bytes)
Event: 13.181 Thread 0x000002976bbc5af0 nmethod 1913 0x0000029758692f90 code [0x0000029758693200, 0x0000029758693db8]
Event: 13.184 Thread 0x000002976bbaab20 1914       4       java.util.zip.ZipFile$Source::zipCoderForPos (39 bytes)
Event: 13.185 Thread 0x000002976bbaab20 nmethod 1914 0x000002975fecfb90 code [0x000002975fecfd20, 0x000002975fecfdf0]
Event: 13.185 Thread 0x000002976bbc5af0 1915       3       java.lang.System::getProperty (25 bytes)
Event: 13.185 Thread 0x000002976bbc5af0 nmethod 1915 0x0000029758694290 code [0x00000297586944a0, 0x0000029758694a88]
Event: 13.190 Thread 0x000002976bbc5af0 1916       3       java.io.WinNTFileSystem::normalize (143 bytes)
Event: 13.191 Thread 0x000002976bbc5af0 nmethod 1916 0x0000029758694c90 code [0x0000029758694f20, 0x0000029758695980]
Event: 13.209 Thread 0x000002976bbaab20 1917       4       java.lang.StringLatin1::toLowerCase (186 bytes)
Event: 13.211 Thread 0x000002976bbc5af0 1918       3       java.lang.String::<init> (10 bytes)

GC Heap History (4 events):
Event: 1.792 GC heap before
{Heap before GC invocations=1 (full 0):
 PSYoungGen      total 29696K, used 25600K [0x00000000d5580000, 0x00000000d7680000, 0x0000000100000000)
  eden space 25600K, 100% used [0x00000000d5580000,0x00000000d6e80000,0x00000000d6e80000)
  from space 4096K, 0% used [0x00000000d7280000,0x00000000d7280000,0x00000000d7680000)
  to   space 4096K, 0% used [0x00000000d6e80000,0x00000000d6e80000,0x00000000d7280000)
 ParOldGen       total 68608K, used 0K [0x0000000080000000, 0x0000000084300000, 0x00000000d5580000)
  object space 68608K, 0% used [0x0000000080000000,0x0000000080000000,0x0000000084300000)
 Metaspace       used 4312K, committed 4544K, reserved 1114112K
  class space    used 458K, committed 576K, reserved 1048576K
}
Event: 1.827 GC heap after
{Heap after GC invocations=1 (full 0):
 PSYoungGen      total 29696K, used 3335K [0x00000000d5580000, 0x00000000d7680000, 0x0000000100000000)
  eden space 25600K, 0% used [0x00000000d5580000,0x00000000d5580000,0x00000000d6e80000)
  from space 4096K, 81% used [0x00000000d6e80000,0x00000000d71c1c68,0x00000000d7280000)
  to   space 4096K, 0% used [0x00000000d7280000,0x00000000d7280000,0x00000000d7680000)
 ParOldGen       total 68608K, used 0K [0x0000000080000000, 0x0000000084300000, 0x00000000d5580000)
  object space 68608K, 0% used [0x0000000080000000,0x0000000080000000,0x0000000084300000)
 Metaspace       used 4312K, committed 4544K, reserved 1114112K
  class space    used 458K, committed 576K, reserved 1048576K
}
Event: 12.802 GC heap before
{Heap before GC invocations=2 (full 0):
 PSYoungGen      total 29696K, used 28935K [0x00000000d5580000, 0x00000000d7680000, 0x0000000100000000)
  eden space 25600K, 100% used [0x00000000d5580000,0x00000000d6e80000,0x00000000d6e80000)
  from space 4096K, 81% used [0x00000000d6e80000,0x00000000d71c1c68,0x00000000d7280000)
  to   space 4096K, 0% used [0x00000000d7280000,0x00000000d7280000,0x00000000d7680000)
 ParOldGen       total 68608K, used 0K [0x0000000080000000, 0x0000000084300000, 0x00000000d5580000)
  object space 68608K, 0% used [0x0000000080000000,0x0000000080000000,0x0000000084300000)
 Metaspace       used 8130K, committed 8384K, reserved 1114112K
  class space    used 840K, committed 960K, reserved 1048576K
}
Event: 12.808 GC heap after
{Heap after GC invocations=2 (full 0):
 PSYoungGen      total 29696K, used 4075K [0x00000000d5580000, 0x00000000d7680000, 0x0000000100000000)
  eden space 25600K, 0% used [0x00000000d5580000,0x00000000d5580000,0x00000000d6e80000)
  from space 4096K, 99% used [0x00000000d7280000,0x00000000d767adc0,0x00000000d7680000)
  to   space 4096K, 0% used [0x00000000d6e80000,0x00000000d6e80000,0x00000000d7280000)
 ParOldGen       total 68608K, used 893K [0x0000000080000000, 0x0000000084300000, 0x00000000d5580000)
  object space 68608K, 1% used [0x0000000080000000,0x00000000800df6a8,0x0000000084300000)
 Metaspace       used 8130K, committed 8384K, reserved 1114112K
  class space    used 840K, committed 960K, reserved 1048576K
}

Dll operation events (9 events):
Event: 0.064 Loaded shared library c:\Users\Aluno\.vscode\extensions\redhat.java-1.43.1-win32-x64\jre\21.0.7-win32-x86_64\bin\java.dll
Event: 0.208 Loaded shared library c:\Users\Aluno\.vscode\extensions\redhat.java-1.43.1-win32-x64\jre\21.0.7-win32-x86_64\bin\zip.dll
Event: 0.241 Loaded shared library C:\Users\Aluno\.vscode\extensions\redhat.java-1.43.1-win32-x64\jre\21.0.7-win32-x86_64\bin\instrument.dll
Event: 0.248 Loaded shared library C:\Users\Aluno\.vscode\extensions\redhat.java-1.43.1-win32-x64\jre\21.0.7-win32-x86_64\bin\net.dll
Event: 0.250 Loaded shared library C:\Users\Aluno\.vscode\extensions\redhat.java-1.43.1-win32-x64\jre\21.0.7-win32-x86_64\bin\nio.dll
Event: 0.256 Loaded shared library C:\Users\Aluno\.vscode\extensions\redhat.java-1.43.1-win32-x64\jre\21.0.7-win32-x86_64\bin\zip.dll
Event: 0.284 Loaded shared library C:\Users\Aluno\.vscode\extensions\redhat.java-1.43.1-win32-x64\jre\21.0.7-win32-x86_64\bin\jimage.dll
Event: 0.424 Loaded shared library c:\Users\Aluno\.vscode\extensions\redhat.java-1.43.1-win32-x64\jre\21.0.7-win32-x86_64\bin\verify.dll
Event: 12.776 Loaded shared library C:\Users\Aluno\AppData\Roaming\Code\User\globalStorage\redhat.java\1.43.1\config_ss_win\org.eclipse.equinox.launcher\org.eclipse.equinox.launcher.win32.win32.x86_64_1.2.1300.v20250331-1702\eclipse_11911.dll

Deoptimization events (20 events):
Event: 2.884 Thread 0x000002975513def0 DEOPT PACKING pc=0x00000297584b4d08 sp=0x000000a01f3fc7f0
Event: 2.884 Thread 0x000002975513def0 DEOPT UNPACKING pc=0x000002975f8b4242 sp=0x000000a01f3fbc70 mode 0
Event: 2.886 Thread 0x000002975513def0 DEOPT PACKING pc=0x000002975842de86 sp=0x000000a01f3fc5f0
Event: 2.886 Thread 0x000002975513def0 DEOPT UNPACKING pc=0x000002975f8b4242 sp=0x000000a01f3fba70 mode 0
Event: 2.886 Thread 0x000002975513def0 DEOPT PACKING pc=0x00000297584b4d08 sp=0x000000a01f3fc740
Event: 2.886 Thread 0x000002975513def0 DEOPT UNPACKING pc=0x000002975f8b4242 sp=0x000000a01f3fbbc0 mode 0
Event: 2.887 Thread 0x000002975513def0 DEOPT PACKING pc=0x00000297584b4d08 sp=0x000000a01f3fca40
Event: 2.887 Thread 0x000002975513def0 DEOPT UNPACKING pc=0x000002975f8b4242 sp=0x000000a01f3fbec0 mode 0
Event: 12.791 Thread 0x00000297727949f0 Uncommon trap: trap_request=0xffffff6e fr.pc=0x000002975fe7abe8 relative=0x00000000000003a8
Event: 12.791 Thread 0x00000297727949f0 Uncommon trap: reason=loop_limit_check action=maybe_recompile pc=0x000002975fe7abe8 method=java.lang.StringLatin1.indexOf([BI[BII)I @ 37 c2
Event: 12.791 Thread 0x00000297727949f0 DEOPT PACKING pc=0x000002975fe7abe8 sp=0x000000a0209f8d30
Event: 12.791 Thread 0x00000297727949f0 DEOPT UNPACKING pc=0x000002975f8b3aa2 sp=0x000000a0209f8c90 mode 2
Event: 13.143 Thread 0x00000297727949f0 Uncommon trap: trap_request=0xffffff45 fr.pc=0x000002975fec2584 relative=0x0000000000001504
Event: 13.143 Thread 0x00000297727949f0 Uncommon trap: reason=unstable_if action=reinterpret pc=0x000002975fec2584 method=java.io.WinNTFileSystem.normalize(Ljava/lang/String;II)Ljava/lang/String; @ 100 c2
Event: 13.143 Thread 0x00000297727949f0 DEOPT PACKING pc=0x000002975fec2584 sp=0x000000a0209f91e0
Event: 13.143 Thread 0x00000297727949f0 DEOPT UNPACKING pc=0x000002975f8b3aa2 sp=0x000000a0209f9120 mode 2
Event: 13.209 Thread 0x00000297727949f0 Uncommon trap: trap_request=0xffffff45 fr.pc=0x000002975fe86b34 relative=0x0000000000000094
Event: 13.209 Thread 0x00000297727949f0 Uncommon trap: reason=unstable_if action=reinterpret pc=0x000002975fe86b34 method=java.io.BufferedInputStream.getBufIfOpen(Z)[B @ 13 c2
Event: 13.209 Thread 0x00000297727949f0 DEOPT PACKING pc=0x000002975fe86b34 sp=0x000000a0209f8ac0
Event: 13.209 Thread 0x00000297727949f0 DEOPT UNPACKING pc=0x000002975f8b3aa2 sp=0x000000a0209f8a40 mode 2

Classes loaded (20 events):
Event: 13.020 Loading class java/io/CharConversionException done
Event: 13.020 Loading class com/sun/org/apache/xerces/internal/impl/io/MalformedByteSequenceException done
Event: 13.034 Loading class java/util/concurrent/RejectedExecutionException
Event: 13.034 Loading class java/util/concurrent/RejectedExecutionException done
Event: 13.034 Loading class java/util/concurrent/CompletionStage
Event: 13.034 Loading class java/util/concurrent/CompletionStage done
Event: 13.044 Loading class java/util/Timer
Event: 13.044 Loading class java/util/Timer done
Event: 13.044 Loading class java/util/TaskQueue
Event: 13.044 Loading class java/util/TaskQueue done
Event: 13.044 Loading class java/util/TimerThread
Event: 13.045 Loading class java/util/TimerThread done
Event: 13.045 Loading class java/util/Timer$ThreadReaper
Event: 13.045 Loading class java/util/Timer$ThreadReaper done
Event: 13.083 Loading class java/util/concurrent/locks/ReentrantLock$FairSync
Event: 13.083 Loading class java/util/concurrent/locks/ReentrantLock$FairSync done
Event: 13.085 Loading class java/util/Collections$ReverseComparator
Event: 13.086 Loading class java/util/Collections$ReverseComparator done
Event: 13.184 Loading class java/lang/CloneNotSupportedException
Event: 13.185 Loading class java/lang/CloneNotSupportedException done

Classes unloaded (0 events):
No events

Classes redefined (0 events):
No events

Internal exceptions (20 events):
Event: 1.830 Thread 0x000002975513def0 Exception <a 'java/lang/ClassNotFoundException'{0x00000000d5588528}: sun/net/www/protocol/c/Handler> (0x00000000d5588528) 
thrown [s\src\hotspot\share\classfile\systemDictionary.cpp, line 312]
Event: 1.830 Thread 0x000002975513def0 Exception <a 'java/lang/ClassNotFoundException'{0x00000000d5589900}: sun/net/www/protocol/c/Handler> (0x00000000d5589900) 
thrown [s\src\hotspot\share\classfile\systemDictionary.cpp, line 312]
Event: 1.831 Thread 0x000002975513def0 Exception <a 'java/lang/ClassNotFoundException'{0x00000000d558ab38}: sun/net/www/protocol/c/Handler> (0x00000000d558ab38) 
thrown [s\src\hotspot\share\classfile\systemDictionary.cpp, line 312]
Event: 1.854 Thread 0x000002975513def0 Exception <a 'java/io/FileNotFoundException'{0x00000000d55af4e8}> (0x00000000d55af4e8) 
thrown [s\src\hotspot\share\prims\jni.cpp, line 520]
Event: 1.944 Thread 0x000002975513def0 Implicit null exception at 0x000002975fe62fc9 to 0x000002975fe6398c
Event: 1.945 Thread 0x000002975513def0 Implicit null exception at 0x000002975fe6ed20 to 0x000002975fe6ef38
Event: 1.946 Thread 0x000002975513def0 Exception <a 'java/lang/NoSuchMethodError'{0x00000000d579b1f0}: 'void java.lang.invoke.DirectMethodHandle$Holder.invokeStatic(java.lang.Object, java.lang.Object, java.lang.Object, java.lang.Object)'> (0x00000000d579b1f0) 
thrown [s\src\hotspot\share\interpreter\linkResolver.cpp, line 773]
Event: 1.947 Thread 0x000002975513def0 Implicit null exception at 0x000002975fe69320 to 0x000002975fe6953c
Event: 1.947 Thread 0x000002975513def0 Implicit null exception at 0x000002975fe66fc0 to 0x000002975fe67045
Event: 2.192 Thread 0x000002975513def0 Exception <a 'java/lang/NoSuchMethodError'{0x00000000d5a12950}: 'void java.lang.invoke.DirectMethodHandle$Holder.invokeSpecial(java.lang.Object, java.lang.Object, java.lang.Object)'> (0x00000000d5a12950) 
thrown [s\src\hotspot\share\interpreter\linkResolver.cpp, line 773]
Event: 2.602 Thread 0x000002975513def0 Exception <a 'java/lang/NoSuchMethodError'{0x00000000d62c1b40}: 'int java.lang.invoke.DirectMethodHandle$Holder.invokeVirtual(java.lang.Object, java.lang.Object)'> (0x00000000d62c1b40) 
thrown [s\src\hotspot\share\interpreter\linkResolver.cpp, line 773]
Event: 2.655 Thread 0x000002975513def0 Exception <a 'java/lang/NoSuchMethodError'{0x00000000d6434d18}: 'int java.lang.invoke.DirectMethodHandle$Holder.invokeStaticInit(java.lang.Object, java.lang.Object, java.lang.Object, java.lang.Object)'> (0x00000000d6434d18) 
thrown [s\src\hotspot\share\interpreter\linkResolver.cpp, line 773]
Event: 2.656 Thread 0x000002975513def0 Exception <a 'java/lang/IncompatibleClassChangeError'{0x00000000d643d1a0}: Found class java.lang.Object, but interface was expected> (0x00000000d643d1a0) 
thrown [s\src\hotspot\share\interpreter\linkResolver.cpp, line 840]
Event: 2.657 Thread 0x000002975513def0 Exception <a 'java/lang/NoSuchMethodError'{0x00000000d64437b0}: 'void java.lang.invoke.DirectMethodHandle$Holder.invokeStaticInit(java.lang.Object, java.lang.Object)'> (0x00000000d64437b0) 
thrown [s\src\hotspot\share\interpreter\linkResolver.cpp, line 773]
Event: 2.658 Thread 0x000002975513def0 Exception <a 'java/lang/NoSuchMethodError'{0x00000000d644ca28}: 'int java.lang.invoke.DirectMethodHandle$Holder.invokeStaticInit(java.lang.Object, java.lang.Object)'> (0x00000000d644ca28) 
thrown [s\src\hotspot\share\interpreter\linkResolver.cpp, line 773]
Event: 2.755 Thread 0x000002975513def0 Exception <a 'java/lang/NoSuchMethodError'{0x00000000d66922d0}: 'java.lang.Object java.lang.invoke.DirectMethodHandle$Holder.newInvokeSpecial(java.lang.Object, int, java.lang.Object)'> (0x00000000d66922d0) 
thrown [s\src\hotspot\share\interpreter\linkResolver.cpp, line 773]
Event: 2.825 Thread 0x000002975513def0 Exception <a 'java/lang/ClassNotFoundException'{0x00000000d68a0ea0}: sun/net/www/protocol/plurl/Handler> (0x00000000d68a0ea0) 
thrown [s\src\hotspot\share\classfile\systemDictionary.cpp, line 312]
Event: 12.769 Thread 0x000002975513def0 Exception <a 'java/lang/UnsatisfiedLinkError'{0x00000000d6d0e300}: 'void org.eclipse.equinox.launcher.JNIBridge._update_splash()'> (0x00000000d6d0e300) 
thrown [s\src\hotspot\share\prims\nativeLookup.cpp, line 415]
Event: 12.880 Thread 0x00000297727949f0 Exception <a 'java/lang/NullPointerException'{0x00000000d587e558}> (0x00000000d587e558) 
thrown [s\src\hotspot\share\interpreter\linkResolver.cpp, line 1372]
Event: 12.880 Thread 0x00000297727949f0 Exception <a 'java/lang/NullPointerException'{0x00000000d587e838}> (0x00000000d587e838) 
thrown [s\src\hotspot\share\interpreter\linkResolver.cpp, line 1372]

ZGC Phase Switch (0 events):
No events

VM Operations (20 events):
Event: 1.152 Executing VM operation: HandshakeAllThreads (Deoptimize)
Event: 1.152 Executing VM operation: HandshakeAllThreads (Deoptimize) done
Event: 1.761 Executing VM operation: HandshakeAllThreads (Deoptimize)
Event: 1.762 Executing VM operation: HandshakeAllThreads (Deoptimize) done
Event: 1.792 Executing VM operation: ParallelGCFailedAllocation (Allocation Failure)
Event: 1.827 Executing VM operation: ParallelGCFailedAllocation (Allocation Failure) done
Event: 2.701 Executing VM operation: HandshakeAllThreads (Deoptimize)
Event: 2.701 Executing VM operation: HandshakeAllThreads (Deoptimize) done
Event: 2.713 Executing VM operation: HandshakeAllThreads (Deoptimize)
Event: 2.713 Executing VM operation: HandshakeAllThreads (Deoptimize) done
Event: 2.801 Executing VM operation: HandshakeAllThreads (Deoptimize)
Event: 2.801 Executing VM operation: HandshakeAllThreads (Deoptimize) done
Event: 2.819 Executing VM operation: HandshakeAllThreads (Deoptimize)
Event: 2.820 Executing VM operation: HandshakeAllThreads (Deoptimize) done
Event: 3.828 Executing VM operation: Cleanup
Event: 3.829 Executing VM operation: Cleanup done
Event: 12.802 Executing VM operation: ParallelGCFailedAllocation (Allocation Failure)
Event: 12.808 Executing VM operation: ParallelGCFailedAllocation (Allocation Failure) done
Event: 13.084 Executing VM operation: HandshakeAllThreads (Deoptimize)
Event: 13.084 Executing VM operation: HandshakeAllThreads (Deoptimize) done

Memory protections (0 events):
No events

Nmethod flushes (0 events):
No events

Events (20 events):
Event: 0.117 Thread 0x000002975513def0 Thread added: 0x000002976bba8850
Event: 0.118 Thread 0x000002975513def0 Thread added: 0x000002976bba92a0
Event: 0.118 Thread 0x000002975513def0 Thread added: 0x000002976bba9cf0
Event: 0.118 Thread 0x000002975513def0 Thread added: 0x000002976bbaab20
Event: 0.118 Thread 0x000002975513def0 Thread added: 0x000002976bbc5af0
Event: 0.151 Thread 0x000002975513def0 Thread added: 0x00000297551a9630
Event: 0.683 Thread 0x000002975513def0 Thread added: 0x000002976d74ab20
Event: 0.685 Thread 0x000002976bbc5af0 Thread added: 0x000002976d65c060
Event: 0.965 Thread 0x000002976d65c060 Thread added: 0x000002976d78fc10
Event: 1.473 Thread 0x000002976d65c060 Thread exited: 0x000002976d65c060
Event: 1.473 Thread 0x000002976d78fc10 Thread exited: 0x000002976d78fc10
Event: 1.571 Thread 0x000002976bbc5af0 Thread added: 0x000002976d67b670
Event: 1.875 Thread 0x000002976d67b670 Thread exited: 0x000002976d67b670
Event: 2.294 Thread 0x000002976bbc5af0 Thread added: 0x00000297725f59e0
Event: 2.674 Thread 0x000002975513def0 Thread added: 0x00000297721ed680
Event: 2.872 Thread 0x00000297725f59e0 Thread exited: 0x00000297725f59e0
Event: 12.761 Thread 0x000002975513def0 Thread added: 0x0000029772ad6d60
Event: 12.767 Thread 0x000002975513def0 Thread added: 0x00000297727949f0
Event: 12.825 Thread 0x00000297727949f0 Thread added: 0x0000029772299b20
Event: 13.046 Thread 0x00000297727949f0 Thread added: 0x000002976d5998b0


Dynamic libraries:
0x00007ff717c80000 - 0x00007ff717c8e000 	c:\Users\Aluno\.vscode\extensions\redhat.java-1.43.1-win32-x64\jre\21.0.7-win32-x86_64\bin\java.exe
0x00007ff99fae0000 - 0x00007ff99fd48000 	C:\WINDOWS\SYSTEM32\ntdll.dll
0x00007ff99e3c0000 - 0x00007ff99e489000 	C:\WINDOWS\System32\KERNEL32.DLL
0x00007ff99cfc0000 - 0x00007ff99d3ad000 	C:\WINDOWS\System32\KERNELBASE.dll
0x00007ff99cc30000 - 0x00007ff99cd7b000 	C:\WINDOWS\System32\ucrtbase.dll
0x00007ff97a510000 - 0x00007ff97a528000 	c:\Users\Aluno\.vscode\extensions\redhat.java-1.43.1-win32-x64\jre\21.0.7-win32-x86_64\bin\jli.dll
0x00007ff99eb60000 - 0x00007ff99ed2c000 	C:\WINDOWS\System32\USER32.dll
0x00007ff99cd80000 - 0x00007ff99cda7000 	C:\WINDOWS\System32\win32u.dll
0x00007ff99ed30000 - 0x00007ff99ed5b000 	C:\WINDOWS\System32\GDI32.dll
0x00007ff99d5c0000 - 0x00007ff99d6f7000 	C:\WINDOWS\System32\gdi32full.dll
0x00007ff99ce70000 - 0x00007ff99cf13000 	C:\WINDOWS\System32\msvcp_win.dll
0x00007ff98bb80000 - 0x00007ff98be1a000 	C:\WINDOWS\WinSxS\amd64_microsoft.windows.common-controls_6595b64144ccf1df_6.0.26100.4484_none_3e0e6d4ce32ef3b3\COMCTL32.dll
0x00007ff99de70000 - 0x00007ff99df19000 	C:\WINDOWS\System32\msvcrt.dll
0x00007ff970cd0000 - 0x00007ff970cee000 	c:\Users\Aluno\.vscode\extensions\redhat.java-1.43.1-win32-x64\jre\21.0.7-win32-x86_64\bin\VCRUNTIME140.dll
0x00007ff99ea90000 - 0x00007ff99eabf000 	C:\WINDOWS\System32\IMM32.DLL
0x00007ff98f600000 - 0x00007ff98f60c000 	c:\Users\Aluno\.vscode\extensions\redhat.java-1.43.1-win32-x64\jre\21.0.7-win32-x86_64\bin\vcruntime140_1.dll
0x00007ff9478e0000 - 0x00007ff94796d000 	c:\Users\Aluno\.vscode\extensions\redhat.java-1.43.1-win32-x64\jre\21.0.7-win32-x86_64\bin\msvcp140.dll
0x00007ff9115e0000 - 0x00007ff912370000 	c:\Users\Aluno\.vscode\extensions\redhat.java-1.43.1-win32-x64\jre\21.0.7-win32-x86_64\bin\server\jvm.dll
0x00007ff99f9e0000 - 0x00007ff99fa94000 	C:\WINDOWS\System32\ADVAPI32.dll
0x00007ff99e9e0000 - 0x00007ff99ea86000 	C:\WINDOWS\System32\sechost.dll
0x00007ff99da80000 - 0x00007ff99db98000 	C:\WINDOWS\System32\RPCRT4.dll
0x00007ff99da00000 - 0x00007ff99da74000 	C:\WINDOWS\System32\WS2_32.dll
0x00007ff99ca80000 - 0x00007ff99cade000 	C:\WINDOWS\SYSTEM32\POWRPROF.dll
0x00007ff98f5c0000 - 0x00007ff98f5f5000 	C:\WINDOWS\SYSTEM32\WINMM.dll
0x00007ff9961c0000 - 0x00007ff9961cb000 	C:\WINDOWS\SYSTEM32\VERSION.dll
0x00007ff99ca60000 - 0x00007ff99ca74000 	C:\WINDOWS\SYSTEM32\UMPDC.dll
0x00007ff99b9d0000 - 0x00007ff99b9eb000 	C:\WINDOWS\SYSTEM32\kernel.appcore.dll
0x00007ff98ca80000 - 0x00007ff98ca8a000 	c:\Users\Aluno\.vscode\extensions\redhat.java-1.43.1-win32-x64\jre\21.0.7-win32-x86_64\bin\jimage.dll
0x00007ff98be80000 - 0x00007ff98c0c1000 	C:\WINDOWS\SYSTEM32\DBGHELP.DLL
0x00007ff99f5c0000 - 0x00007ff99f946000 	C:\WINDOWS\System32\combase.dll
0x00007ff99e810000 - 0x00007ff99e8f0000 	C:\WINDOWS\System32\OLEAUT32.dll
0x00007ff98af20000 - 0x00007ff98af63000 	C:\WINDOWS\SYSTEM32\dbgcore.DLL
0x00007ff99cf20000 - 0x00007ff99cfb9000 	C:\WINDOWS\System32\bcryptPrimitives.dll
0x00007ff97ea30000 - 0x00007ff97ea3f000 	c:\Users\Aluno\.vscode\extensions\redhat.java-1.43.1-win32-x64\jre\21.0.7-win32-x86_64\bin\instrument.dll
0x00007ff96b150000 - 0x00007ff96b16f000 	c:\Users\Aluno\.vscode\extensions\redhat.java-1.43.1-win32-x64\jre\21.0.7-win32-x86_64\bin\java.dll
0x00007ff99ee70000 - 0x00007ff99f5ba000 	C:\WINDOWS\System32\SHELL32.dll
0x00007ff99d700000 - 0x00007ff99d874000 	C:\WINDOWS\System32\wintypes.dll
0x00007ff99a8b0000 - 0x00007ff99b10b000 	C:\WINDOWS\SYSTEM32\windows.storage.dll
0x00007ff99ed70000 - 0x00007ff99ee65000 	C:\WINDOWS\System32\SHCORE.dll
0x00007ff99f970000 - 0x00007ff99f9da000 	C:\WINDOWS\System32\shlwapi.dll
0x00007ff99cb40000 - 0x00007ff99cb6f000 	C:\WINDOWS\SYSTEM32\profapi.dll
0x00007ff94cb00000 - 0x00007ff94cb18000 	c:\Users\Aluno\.vscode\extensions\redhat.java-1.43.1-win32-x64\jre\21.0.7-win32-x86_64\bin\zip.dll
0x00007ff988930000 - 0x00007ff988940000 	C:\Users\Aluno\.vscode\extensions\redhat.java-1.43.1-win32-x64\jre\21.0.7-win32-x86_64\bin\net.dll
0x00007ff996c80000 - 0x00007ff996d9e000 	C:\WINDOWS\SYSTEM32\WINHTTP.dll
0x00007ff99bf60000 - 0x00007ff99bfca000 	C:\WINDOWS\system32\mswsock.dll
0x00007ff947440000 - 0x00007ff947456000 	C:\Users\Aluno\.vscode\extensions\redhat.java-1.43.1-win32-x64\jre\21.0.7-win32-x86_64\bin\nio.dll
0x00007ff94da50000 - 0x00007ff94da60000 	c:\Users\Aluno\.vscode\extensions\redhat.java-1.43.1-win32-x64\jre\21.0.7-win32-x86_64\bin\verify.dll
0x00007ff979cc0000 - 0x00007ff979d05000 	C:\Users\Aluno\AppData\Roaming\Code\User\globalStorage\redhat.java\1.43.1\config_ss_win\org.eclipse.equinox.launcher\org.eclipse.equinox.launcher.win32.win32.x86_64_1.2.1300.v20250331-1702\eclipse_11911.dll
0x00007ff99e660000 - 0x00007ff99e7fe000 	C:\WINDOWS\System32\ole32.dll

dbghelp: loaded successfully - version: 4.0.5 - missing functions: none
symbol engine: initialized successfully - sym options: 0x614 - pdb path: .;c:\Users\Aluno\.vscode\extensions\redhat.java-1.43.1-win32-x64\jre\21.0.7-win32-x86_64\bin;C:\WINDOWS\SYSTEM32;C:\WINDOWS\WinSxS\amd64_microsoft.windows.common-controls_6595b64144ccf1df_6.0.26100.4484_none_3e0e6d4ce32ef3b3;c:\Users\Aluno\.vscode\extensions\redhat.java-1.43.1-win32-x64\jre\21.0.7-win32-x86_64\bin\server;C:\Users\Aluno\AppData\Roaming\Code\User\globalStorage\redhat.java\1.43.1\config_ss_win\org.eclipse.equinox.launcher\org.eclipse.equinox.launcher.win32.win32.x86_64_1.2.1300.v20250331-1702

VM Arguments:
jvm_args: --add-modules=ALL-SYSTEM --add-opens=java.base/java.util=ALL-UNNAMED --add-opens=java.base/java.lang=ALL-UNNAMED --add-opens=java.base/sun.nio.fs=ALL-UNNAMED -Declipse.application=org.eclipse.jdt.ls.core.id1 -Dosgi.bundles.defaultStartLevel=4 -Declipse.product=org.eclipse.jdt.ls.core.product -Djava.import.generatesMetadataFilesAtProjectRoot=false -DDetectVMInstallationsJob.disabled=true -Dfile.encoding=utf8 -XX:+UseParallelGC -XX:GCTimeRatio=4 -XX:AdaptiveSizePolicyWeight=90 -Dsun.zip.disableMemoryMapping=true -Xmx2G -Xms100m -Xlog:disable -javaagent:c:\Users\Aluno\.vscode\extensions\redhat.java-1.43.1-win32-x64\lombok\lombok-1.18.39-4050.jar 
java_command: c:\Users\Aluno\.vscode\extensions\redhat.java-1.43.1-win32-x64\server\plugins\org.eclipse.equinox.launcher_1.7.0.v20250519-0528.jar -configuration c:\Users\Aluno\AppData\Roaming\Code\User\globalStorage\redhat.java\1.43.1\config_ss_win -data c:\Users\Aluno\AppData\Roaming\Code\User\workspaceStorage\9774d0f6317684aaf28950c185c41942\redhat.java\ss_ws --pipe=\\.\pipe\lsp-768e2dcfa3932320ac012722aae082a5-sock
java_class_path (initial): c:\Users\Aluno\.vscode\extensions\redhat.java-1.43.1-win32-x64\server\plugins\org.eclipse.equinox.launcher_1.7.0.v20250519-0528.jar
Launcher Type: SUN_STANDARD

[Global flags]
    uintx AdaptiveSizePolicyWeight                 = 90                                        {product} {command line}
     intx CICompilerCount                          = 4                                         {product} {ergonomic}
    uintx GCTimeRatio                              = 4                                         {product} {command line}
   size_t InitialHeapSize                          = 104857600                                 {product} {command line}
   size_t MaxHeapSize                              = 2147483648                                {product} {command line}
   size_t MaxNewSize                               = 715653120                                 {product} {ergonomic}
   size_t MinHeapDeltaBytes                        = 524288                                    {product} {ergonomic}
   size_t MinHeapSize                              = 104857600                                 {product} {command line}
   size_t NewSize                                  = 34603008                                  {product} {ergonomic}
    uintx NonNMethodCodeHeapSize                   = 5839372                                {pd product} {ergonomic}
    uintx NonProfiledCodeHeapSize                  = 122909434                              {pd product} {ergonomic}
   size_t OldSize                                  = 70254592                                  {product} {ergonomic}
    uintx ProfiledCodeHeapSize                     = 122909434                              {pd product} {ergonomic}
    uintx ReservedCodeCacheSize                    = 251658240                              {pd product} {ergonomic}
     bool SegmentedCodeCache                       = true                                      {product} {ergonomic}
   size_t SoftMaxHeapSize                          = 2147483648                             {manageable} {ergonomic}
     bool UseCompressedOops                        = true                           {product lp64_product} {ergonomic}
     bool UseLargePagesIndividualAllocation        = false                                  {pd product} {ergonomic}
     bool UseParallelGC                            = true                                      {product} {command line}

Logging:
Log output configuration:
 #0: stdout all=off uptime,level,tags foldmultilines=false
 #1: stderr all=off uptime,level,tags foldmultilines=false

Environment Variables:
JAVA_HOME=C:\Program Files\Java\jdk-24
CLASSPATH=C:\GNAT\2014\lib\ajis.jar;C:\Program Files\Java\jdk-24\lib;C:\Program Files\Java\jdk-24\lib\tools.jar;C:\Program Files\Java\jdk-24\lib\dt.jar;C:\Program Files\Java\jdk-24\lib\htmlconverter.jar;C:\Program Files\Java\jdk-24\jre\lib;C:\Program Files\Java\jdk-24\jre\lib\rt.jar;
PATH=C:\GtkAda\bin;C:\SPARK\gpl-2014\bin;C:\GNAT\2014\bin;C:\Program Files\Python310\Scripts\;C:\Program Files\Python310\;C:\Program Files\Common Files\Oracle\Java\javapath;C:\Program Files (x86)\Common Files\Oracle\Java\java8path;C:\Program Files (x86)\Common Files\Oracle\Java\javapath;C:\WINDOWS\system32;C:\WINDOWS;C:\WINDOWS\System32\Wbem;C:\WINDOWS\System32\WindowsPowerShell\v1.0\;C:\WINDOWS\System32\OpenSSH\;C:\Program Files\swipl\bin;C:\Program Files (x86)\Microchip\MPLAB C32 Suite\bin;C:\Program Files\nodejs\;C:\ProgramData\chocolatey\bin;C:\Program Files\Microsoft VS Code\bin;C:\Program Files\Java\jdk-24\bin;C:\Program Files\MongoDB\Server\5.0\bin;C:\Program Files\MongoDB\Tools\100\bin;C:\sqlite;C:\Program Files\MATLAB\R2014a\runtime\win64;C:\Program Files\MATLAB\R2014a\bin;C:\Program Files\Calibre2\;C:\flutter\bin;C:\Program Files (x86)\Windows Kits\10\Windows Performance Toolkit\;C:\Users\Aluno\AppData\Local\Microsoft\WindowsApps;C:\Users\Aluno\AppData\Local\Programs\Git\cmd
USERNAME=Aluno
OS=Windows_NT
PROCESSOR_IDENTIFIER=Intel64 Family 6 Model 165 Stepping 3, GenuineIntel
TMP=C:\Users\Aluno\AppData\Local\Temp
TEMP=C:\Users\Aluno\AppData\Local\Temp




Periodic native trim disabled

---------------  S Y S T E M  ---------------

OS:
 Windows 11 , 64 bit Build 26100 (10.0.26100.4484)
OS uptime: 0 days 1:31 hours

CPU: total 8 (initial active 8) (4 cores per cpu, 2 threads per core) family 6 model 165 stepping 3 microcode 0xe0, cx8, cmov, fxsr, ht, mmx, 3dnowpref, sse, sse2, sse3, ssse3, sse4.1, sse4.2, popcnt, lzcnt, tsc, tscinvbit, avx, avx2, aes, erms, clmul, bmi1, bmi2, adx, fma, vzeroupper, clflush, clflushopt, rdtscp, f16c
Processor Information for the first 8 processors :
  Max Mhz: 2901, Current Mhz: 2901, Mhz Limit: 2901

Memory: 4k page, system-wide physical 7582M (781M free)
TotalPageFile size 11747M (AvailPageFile size 1M)
current process WorkingSet (physical memory assigned to process): 95M, peak: 95M
current process commit charge ("private bytes"): 239M, peak: 242M

vm_info: OpenJDK 64-Bit Server VM (21.0.7+6-LTS) for windows-amd64 JRE (21.0.7+6-LTS), built on 2025-04-15T00:00:00Z by "admin" with MS VC++ 17.7 (VS2022)

END.
